# tower:47 -- weld control on Tower (Laser-Heated Electron Beam Welding)

include(`senkov_vip.devtype')
include(`weld02.devtype')
include(`cac208.devtype')
include(`ceac124.devtype')
include(`frolov_bfp.devtype')
include(`frolov_bfp2.devtype')
include(`dds300.devtype')
include(`v0308.devtype')
include(`weldproc.devtype')


# 192.168.8.205   ppc-weldsyn.Vepp5.private.net   ppc-weldsyn

dev vip    senkov_vip@sktcankoz  ~ 0,10 max_u=90
dev gun    weld02@sktcankoz      ~ 0,12 
dev vac    ceac124@sktcankoz     ~ 0,13 beg=0 end=1
dev mag1_a ceac124@sktcankoz     ~ 0,14
dev mag1_b ceac124@sktcankoz     ~ 0,15

dev o_m    frolov_bfp/remdrv  ~ 2    b:192.168.8.205
dev mod    frolov_bfp2/remdrv ~ 7    b:192.168.8.205
dev d3_1:log=all   dds300/remdrv      ~ 4    b:192.168.8.205
dev d3_2:log=all   dds300/remdrv      ~ 8    b:192.168.8.205

dev vvi    v0308/remdrv       ~ 16   b:192.168.8.205 b0307

cpoint d3_1.amp1   d3_1.amp1   6.825 #!!!FLOAT: (4095/600.0)
cpoint d3_1.amp2   d3_1.amp2   6.825 #!!!FLOAT: (4095/600.0)
cpoint d3_2.amp1   d3_2.amp1   6.825 #!!!FLOAT: (4095/600.0)
cpoint d3_2.amp2   d3_2.amp2   6.825 #!!!FLOAT: (4095/600.0)
#cpoint dds.ftw0   dds.ftw0   143   #!!!FLOAT: (4294967296/30000000)
#cpoint dds.ftw1   dds.ftw1   143   #!!!FLOAT: (4294967296/30000000)
#cpoint dds.phase0 dds.phase0 45.51 #!!!FLOAT: (1<<14) / 360.0
#cpoint dds.phase1 dds.phase1 45.51 #!!!FLOAT: (1<<14) / 360.0

######################################################################

cpoint vac.vacuum_mes   vac.adc0 # Just volts

cpoint magsys {
  i_acx_s  mag1_b.out2 6.6666666 #!!!FLOAT: (10/1.5)
  i_acy_s  mag1_b.out3 6.6666666 #!!!FLOAT: (10/1.5)
  i_afc_s  mag1_a.out0 6.6666666 #!!!FLOAT: (10/1.5)
  i_foc_s  mag1_a.out1 6.6666666 #!!!FLOAT: (10/1.5)
  i_c2x_s  mag1_b.out0 6.6666666 #!!!FLOAT: (10/1.5)
  i_c2y_s  mag1_b.out1 6.6666666 #!!!FLOAT: (10/1.5)
  i_dc1x_s mag1_a.out2 6.6666666 #!!!FLOAT: (10/1.5)
  i_dc1y_s mag1_a.out3 6.6666666 #!!!FLOAT: (10/1.5)

  i_acx_m  mag1_b.adc4 2.0 #!!!FLOAT: 2.0/1.0 # 2*2+0
  i_acy_m  mag1_b.adc6 2.0 #!!!FLOAT: 2.0/1.0 # 3*2+0
  i_afc_m  mag1_a.adc0 2.0 #!!!FLOAT: 2.0/1.0 # 0*2+0
  i_foc_m  mag1_a.adc2 2.0 #!!!FLOAT: 2.0/1.0 # 1*2+0
  i_c2x_m  mag1_b.adc0 2.0 #!!!FLOAT: 2.0/1.0 # 0*2+0
  i_c2y_m  mag1_b.adc2 2.0 #!!!FLOAT: 2.0/1.0 # 1*2+0
  i_dc1x_m mag1_a.adc4 2.0 #!!!FLOAT: 2.0/1.0 # 2*2+0
  i_dc1y_m mag1_a.adc6 2.0 #!!!FLOAT: 2.0/1.0 # 3*2+0

  i_acx_v  mag1_b.adc5 3.13953 #!!!FLOAT: 2.7/0.86 # 2*2+1
  i_acy_v  mag1_b.adc7 3.13953 #!!!FLOAT: 2.7/0.86 # 3*2+1
  i_afc_v  mag1_a.adc1 3.13953 #!!!FLOAT: 2.7/0.86 # 0*2+1
  i_foc_v  mag1_a.adc3 3.13953 #!!!FLOAT: 2.7/0.86 # 1*2+1
  i_c2x_v  mag1_b.adc1 3.13953 #!!!FLOAT: 2.7/0.86 # 0*2+1
  i_c2y_v  mag1_b.adc3 3.13953 #!!!FLOAT: 2.7/0.86 # 1*2+1
  i_dc1x_v mag1_a.adc5 3.13953 #!!!FLOAT: 2.7/0.86 # 2*2+1
  i_dc1y_v mag1_a.adc7 3.13953 #!!!FLOAT: 2.7/0.86 # 3*2+1 
}
