# linac1:15 adc200s and their selectors
#### 0. Includes #####################################################
include(`adc200.devtype')
include(`adc250.devtype')
include(`l0403.devtype')
include(`v0308.devtype')
include(`sukh_comm24.devtype')
include(`c0609.devtype')
include(`c0642.devtype')

#### 1. Hardware #####################################################

# a. ADC200s
dev adc200_kls1 adc200/remdrv ~ 5  b:ppc-rf-adc200s:8002
dev adc200_kls2 adc200/remdrv ~ 10 b:ppc-rf-adc200s:8002
dev adc200_grp1 adc200/remdrv ~ 3  b:ppc-podval:8002
dev adc200_grp2 adc200/remdrv ~ 5  b:ppc-podval:8002
dev adc200_kls3 adc200/remdrv ~ 15 b:ppc-rf-adc200s:8002
dev adc200_ionc adc200/remdrv ~ 14 b:ppc-podval:8002
dev adc200_gun  adc200/remdrv ~ 21 b:ppc-podval:8002

# b. Selectors
dev l0403_kls1 l0403/remdrv ~ 3  b:ppc-rf-adc200s:8002  241
dev l0403_kls2 l0403/remdrv ~ 8  b:ppc-rf-adc200s:8002  241
dev l0403_kls3 l0403/remdrv ~ 13 b:ppc-rf-adc200s:8002  241
dev v0308_ionc v0308/remdrv ~ 11 b:ppc-podval:8002

# c. Sukhanov's
dev adc_phs     c0609/remdrv       ~ 1  b:ppc-sukhphase:8002
dev dac_phs     c0642/remdrv       ~ 13 b:ppc-sukhphase:8002
dev adc200_phs1 adc200/remdrv      ~ 3  b:ppc-sukhphase:8002
dev adc200_phs2 adc200/remdrv      ~ 22 b:ppc-sukhphase:8002
dev comm24_phs1 sukh_comm24/remdrv ~ 5  b:ppc-sukhphase:8002
dev comm24_phs2 sukh_comm24/remdrv ~ 20 b:ppc-sukhphase:8002

# ADC250s
dev adc250_8e adc250/remdrv ~ 0,0,0x8e,5,0x8e b:bivme2-rfmeas
dev adc250_90 adc250/remdrv ~ 0,0,0x90,5,0x90 b:bivme2-rfmeas
dev adc250_92 adc250/remdrv ~ 0,0,0x92,5,0x92 b:bivme2-rfmeas
dev adc250_94 adc250/remdrv ~ 0,0,0x94,5,0x94 b:bivme2-rfmeas
dev adc250_96 adc250/remdrv ~ 0,0,0x96,5,0x96 b:bivme2-rfmeas
dev adc250_98 adc250/remdrv ~ 0,0,0x98,5,0x98 b:bivme2-rfmeas
dev adc250_9a adc250/remdrv ~ 0,0,0x9a,5,0x9a b:bivme2-rfmeas
dev adc250_9c adc250/remdrv ~ 0,0,0x9c,5,0x9c b:bivme2-rfmeas
